<?xml version="1.0" encoding="UTF-8"?>
<testsuite name="BigOAssertTest" time="47.563" tests="23" errors="0" skipped="0" failures="0">
  <properties>
[...]
</properties>
  <testcase name="assertQuadratic_ThreeDataPoints_RaiseIllegalArgumentException" classname="BigOAssertTest" time="4.146"/>
  <testcase name="assertConstant_EmptyMethodString_RaiseIllegalArgumentException" classname="BigOAssertTest" time="0.298"/>
  <testcase name="assertLinear_RunConstant_DetectLinearFailedAsExpected" classname="BigOAssertTest" time="0.559"/>
  <testcase name="assertLinear_ThreeDataPoints_RaiseIllegalArgumentException" classname="BigOAssertTest" time="0.302"/>
  <testcase name="assertConstant_RunConstant_DetectConstantIsOk" classname="BigOAssertTest" time="0.51"/>
  <testcase name="assertLogLinear_RunQuadratic_DetectLinearFailedAsExpected" classname="BigOAssertTest" time="12.904"/>
  <testcase name="assertPolynomialDegree_RunLinear_CheckPolynomialDegreeIsSmaller" classname="BigOAssertTest" time="0.503"/>
  <testcase name="assertLinear_RunQuadratic_DetectLinearFailedAsExpected" classname="BigOAssertTest" time="4.221"/>
  <testcase name="assertConstant_RunNLogN_DetectConstantFailedAsExpected" classname="BigOAssertTest" time="0.511"/>
  <testcase name="assertQuadratic_RunLinear_DetectQuadraticFailedAsExpected" classname="BigOAssertTest" time="0.604"/>
  <testcase name="assertQuadratic_RunConstant_DetectQuadraticIsOk" classname="BigOAssertTest" time="12.831"/>
  <testcase name="assertLogLinear_ThreeDataPoints_RaiseIllegalArgumentException" classname="BigOAssertTest" time="0.307"/>
  <testcase name="assertLinear_RunLinear_DetectLinearIsOk" classname="BigOAssertTest" time="0.756"/>
  <testcase name="assertLogLinear_RunConstant_DetectLinearFailedAsExpected" classname="BigOAssertTest" time="0.502"/>
  <testcase name="assertPolynomialDegree_ThreeDataPoints_RaiseIllegalArgumentException" classname="BigOAssertTest" time="0.302"/>
  <testcase name="assertQuadratic_RunNLogN_DetectQuadraticFailedAsExpected" classname="BigOAssertTest" time="0.618"/>
  <testcase name="assertQuadratic_RunConstant_DetectQuadraticFailedAsExpected" classname="BigOAssertTest" time="0.603"/>
  <testcase name="assertPolynomialDegree_RunLinear_CheckPolynomialDegreeIsOk" classname="BigOAssertTest" time="0.603"/>
  <testcase name="assertConstant_RunLinear_DetectConstantFailedAsExpected" classname="BigOAssertTest" time="0.503"/>
  <testcase name="assertPolynomialDegree_RunQuadratic_CheckPolynomialDegreeOk" classname="BigOAssertTest" time="4.301"/>
  <testcase name="assertPolynomialDegree_RunPowerLaw_DetectOK" classname="BigOAssertTest" time="0.722"/>
  <testcase name="assertLogLinear_RunNLogN2_DetectLogLinearOk" classname="BigOAssertTest" time="0.656"/>
  <testcase name="assertConstant_ThreeDataPoints_RaiseIllegalArgumentException" classname="BigOAssertTest" time="0.301"/>
</testsuite>